# JRE version: Java(TM) SE Runtime Environment (8.0_191-b12) (build 1.8.0_191-b12)
# Java VM: Java HotSpot(TM) Client VM (25.191-b12 mixed mode windows-x86 )
Heap:
 def new generation   total 70336K, used 17960K [0x04a00000, 0x09650000, 0x0f4a0000)
  eden space 62528K,  28% used [0x04a00000, 0x05b8a3f8, 0x08710000)
  from space 7808K,   0% used [0x08710000, 0x08710000, 0x08eb0000)
  to   space 7808K,   0% used [0x08eb0000, 0x08eb0000, 0x09650000)
 tenured generation   total 156152K, used 86953K [0x0f4a0000, 0x18d1e000, 0x24a00000)
   the space 156152K,  55% used [0x0f4a0000, 0x1498a7c8, 0x1498a800, 0x18d1e000)
 Metaspace       used 25426K, capacity 25936K, committed 26112K, reserved 27008K
GC Heap History (10 events):
Event: 29107.328 GC heap before
{Heap before GC invocations=34 (full 3):
 def new generation   total 70336K, used 67864K [0x04a00000, 0x09650000, 0x0f4a0000)
  eden space 62528K, 100% used [0x04a00000, 0x08710000, 0x08710000)
  from space 7808K,  68% used [0x08eb0000, 0x093e6158, 0x09650000)
  to   space 7808K,   0% used [0x08710000, 0x08710000, 0x08eb0000)
 tenured generation   total 156152K, used 145609K [0x0f4a0000, 0x18d1e000, 0x24a00000)
   the space 156152K,  93% used [0x0f4a0000, 0x182d2788, 0x182d2800, 0x18d1e000)
 Metaspace       used 25477K, capacity 26011K, committed 26112K, reserved 27008K
Event: 29107.351 GC heap after
Heap after GC invocations=35 (full 3):
 def new generation   total 70336K, used 2880K [0x04a00000, 0x09650000, 0x0f4a0000)
  eden space 62528K,   0% used [0x04a00000, 0x04a00000, 0x08710000)
  from space 7808K,  36% used [0x08710000, 0x089e00f8, 0x08eb0000)
  to   space 7808K,   0% used [0x08eb0000, 0x08eb0000, 0x09650000)
 tenured generation   total 156152K, used 148187K [0x0f4a0000, 0x18d1e000, 0x24a00000)
   the space 156152K,  94% used [0x0f4a0000, 0x18556d30, 0x18556e00, 0x18d1e000)
 Metaspace       used 25477K, capacity 26011K, committed 26112K, reserved 27008K
}
Event: 29463.523 GC heap before
{Heap before GC invocations=35 (full 3):
 def new generation   total 70336K, used 65408K [0x04a00000, 0x09650000, 0x0f4a0000)
  eden space 62528K, 100% used [0x04a00000, 0x08710000, 0x08710000)
  from space 7808K,  36% used [0x08710000, 0x089e00f8, 0x08eb0000)
  to   space 7808K,   0% used [0x08eb0000, 0x08eb0000, 0x09650000)
 tenured generation   total 156152K, used 148187K [0x0f4a0000, 0x18d1e000, 0x24a00000)
   the space 156152K,  94% used [0x0f4a0000, 0x18556d30, 0x18556e00, 0x18d1e000)
 Metaspace       used 25481K, capacity 26016K, committed 26112K, reserved 27008K
Event: 29463.534 GC heap after
Heap after GC invocations=36 (full 3):
 def new generation   total 70336K, used 2890K [0x04a00000, 0x09650000, 0x0f4a0000)
  eden space 62528K,   0% used [0x04a00000, 0x04a00000, 0x08710000)
  from space 7808K,  37% used [0x08eb0000, 0x09182928, 0x09650000)
  to   space 7808K,   0% used [0x08710000, 0x08710000, 0x08eb0000)
 tenured generation   total 156152K, used 148187K [0x0f4a0000, 0x18d1e000, 0x24a00000)
   the space 156152K,  94% used [0x0f4a0000, 0x18556d30, 0x18556e00, 0x18d1e000)
 Metaspace       used 25481K, capacity 26016K, committed 26112K, reserved 27008K
}
Event: 29753.682 GC heap before
{Heap before GC invocations=36 (full 3):
 def new generation   total 70336K, used 65418K [0x04a00000, 0x09650000, 0x0f4a0000)
  eden space 62528K, 100% used [0x04a00000, 0x08710000, 0x08710000)
  from space 7808K,  37% used [0x08eb0000, 0x09182928, 0x09650000)
  to   space 7808K,   0% used [0x08710000, 0x08710000, 0x08eb0000)
 tenured generation   total 156152K, used 148187K [0x0f4a0000, 0x18d1e000, 0x24a00000)
   the space 156152K,  94% used [0x0f4a0000, 0x18556d30, 0x18556e00, 0x18d1e000)
 Metaspace       used 25481K, capacity 26016K, committed 26112K, reserved 27008K
Event: 29753.687 GC heap after
Heap after GC invocations=37 (full 3):
 def new generation   total 70336K, used 3041K [0x04a00000, 0x09650000, 0x0f4a0000)
  eden space 62528K,   0% used [0x04a00000, 0x04a00000, 0x08710000)
  from space 7808K,  38% used [0x08710000, 0x08a08530, 0x08eb0000)
  to   space 7808K,   0% used [0x08eb0000, 0x08eb0000, 0x09650000)
 tenured generation   total 156152K, used 148187K [0x0f4a0000, 0x18d1e000, 0x24a00000)
   the space 156152K,  94% used [0x0f4a0000, 0x18556d30, 0x18556e00, 0x18d1e000)
 Metaspace       used 25481K, capacity 26016K, committed 26112K, reserved 27008K
}
Event: 29775.228 GC heap before
{Heap before GC invocations=37 (full 3):
 def new generation   total 70336K, used 65510K [0x04a00000, 0x09650000, 0x0f4a0000)
  eden space 62528K,  99% used [0x04a00000, 0x087014e8, 0x08710000)
  from space 7808K,  38% used [0x08710000, 0x08a08530, 0x08eb0000)
  to   space 7808K,   0% used [0x08eb0000, 0x08eb0000, 0x09650000)
 tenured generation   total 156152K, used 148187K [0x0f4a0000, 0x18d1e000, 0x24a00000)
   the space 156152K,  94% used [0x0f4a0000, 0x18556d30, 0x18556e00, 0x18d1e000)
 Metaspace       used 25482K, capacity 26016K, committed 26112K, reserved 27008K
Event: 29775.241 GC heap after
Heap after GC invocations=38 (full 3):
 def new generation   total 70336K, used 7808K [0x04a00000, 0x09650000, 0x0f4a0000)
  eden space 62528K,   0% used [0x04a00000, 0x04a00000, 0x08710000)
  from space 7808K, 100% used [0x08eb0000, 0x09650000, 0x09650000)
  to   space 7808K,   0% used [0x08710000, 0x08710000, 0x08eb0000)
 tenured generation   total 156152K, used 150923K [0x0f4a0000, 0x18d1e000, 0x24a00000)
   the space 156152K,  96% used [0x0f4a0000, 0x18802e20, 0x18803000, 0x18d1e000)
 Metaspace       used 25482K, capacity 26016K, committed 26112K, reserved 27008K
}
Event: 29776.303 GC heap before
{Heap before GC invocations=38 (full 3):
 def new generation   total 70336K, used 69642K [0x04a00000, 0x09650000, 0x0f4a0000)
  eden space 62528K,  98% used [0x04a00000, 0x086629c0, 0x08710000)
  from space 7808K, 100% used [0x08eb0000, 0x09650000, 0x09650000)
  to   space 7808K,   0% used [0x08710000, 0x08710000, 0x08eb0000)
 tenured generation   total 156152K, used 150923K [0x0f4a0000, 0x18d1e000, 0x24a00000)
   the space 156152K,  96% used [0x0f4a0000, 0x18802e20, 0x18803000, 0x18d1e000)
 Metaspace       used 25482K, capacity 26016K, committed 26112K, reserved 27008K
Event: 29776.832 GC heap after
Heap after GC invocations=39 (full 4):
 def new generation   total 70336K, used 0K [0x04a00000, 0x09650000, 0x0f4a0000)
  eden space 62528K,   0% used [0x04a00000, 0x04a00000, 0x08710000)
  from space 7808K,   0% used [0x08710000, 0x08710000, 0x08eb0000)
  to   space 7808K,   0% used [0x08eb0000, 0x08eb0000, 0x09650000)
 tenured generation   total 156152K, used 86953K [0x0f4a0000, 0x18d1e000, 0x24a00000)
   the space 156152K,  55% used [0x0f4a0000, 0x1498a7c8, 0x1498a800, 0x18d1e000)
 Metaspace       used 25426K, capacity 25936K, committed 26112K, reserved 27008K
}

